Analysis & Synthesis report for aes
Thu Jun 28 17:21:25 2018
Quartus II 64-Bit Version 13.0.0 Build 156 04/24/2013 SJ Full Version


---------------------
; Table of Contents ;
---------------------
  1. Legal Notice
  2. Analysis & Synthesis Summary
  3. Analysis & Synthesis Settings
  4. Parallel Compilation
  5. Analysis & Synthesis Messages



----------------
; Legal Notice ;
----------------
Copyright (C) 1991-2013 Altera Corporation
Your use of Altera Corporation's design tools, logic functions 
and other software and tools, and its AMPP partner logic 
functions, and any output files from any of the foregoing 
(including device programming or simulation files), and any 
associated documentation or information are expressly subject 
to the terms and conditions of the Altera Program License 
Subscription Agreement, Altera MegaCore Function License 
Agreement, or other applicable license agreement, including, 
without limitation, that your use is for the sole purpose of 
programming logic devices manufactured by Altera and sold by 
Altera or its authorized distributors.  Please refer to the 
applicable agreement for further details.



+----------------------------------------------------------------------------------+
; Analysis & Synthesis Summary                                                     ;
+------------------------------------+---------------------------------------------+
; Analysis & Synthesis Status        ; Failed - Thu Jun 28 17:21:25 2018           ;
; Quartus II 64-Bit Version          ; 13.0.0 Build 156 04/24/2013 SJ Full Version ;
; Revision Name                      ; aes                                         ;
; Top-level Entity Name              ; aes                                         ;
; Family                             ; Cyclone IV GX                               ;
; Total logic elements               ; N/A until Partition Merge                   ;
;     Total combinational functions  ; N/A until Partition Merge                   ;
;     Dedicated logic registers      ; N/A until Partition Merge                   ;
; Total registers                    ; N/A until Partition Merge                   ;
; Total pins                         ; N/A until Partition Merge                   ;
; Total virtual pins                 ; N/A until Partition Merge                   ;
; Total memory bits                  ; N/A until Partition Merge                   ;
; Embedded Multiplier 9-bit elements ; N/A until Partition Merge                   ;
; Total GXB Receiver Channel PCS     ; N/A until Partition Merge                   ;
; Total GXB Receiver Channel PMA     ; N/A until Partition Merge                   ;
; Total GXB Transmitter Channel PCS  ; N/A until Partition Merge                   ;
; Total GXB Transmitter Channel PMA  ; N/A until Partition Merge                   ;
; Total PLLs                         ; N/A until Partition Merge                   ;
+------------------------------------+---------------------------------------------+


+----------------------------------------------------------------------------------------------------------------------+
; Analysis & Synthesis Settings                                                                                        ;
+----------------------------------------------------------------------------+--------------------+--------------------+
; Option                                                                     ; Setting            ; Default Value      ;
+----------------------------------------------------------------------------+--------------------+--------------------+
; Device                                                                     ; EP4CGX15BF14C6     ;                    ;
; Top-level entity name                                                      ; aes                ; aes                ;
; Family name                                                                ; Cyclone IV GX      ; Cyclone IV GX      ;
; Use smart compilation                                                      ; Off                ; Off                ;
; Enable parallel Assembler and TimeQuest Timing Analyzer during compilation ; On                 ; On                 ;
; Enable compact report table                                                ; Off                ; Off                ;
; Restructure Multiplexers                                                   ; Auto               ; Auto               ;
; Create Debugging Nodes for IP Cores                                        ; Off                ; Off                ;
; Preserve fewer node names                                                  ; On                 ; On                 ;
; Disable OpenCore Plus hardware evaluation                                  ; Off                ; Off                ;
; Verilog Version                                                            ; Verilog_2001       ; Verilog_2001       ;
; VHDL Version                                                               ; VHDL_1993          ; VHDL_1993          ;
; State Machine Processing                                                   ; Auto               ; Auto               ;
; Safe State Machine                                                         ; Off                ; Off                ;
; Extract Verilog State Machines                                             ; On                 ; On                 ;
; Extract VHDL State Machines                                                ; On                 ; On                 ;
; Ignore Verilog initial constructs                                          ; Off                ; Off                ;
; Iteration limit for constant Verilog loops                                 ; 5000               ; 5000               ;
; Iteration limit for non-constant Verilog loops                             ; 250                ; 250                ;
; Add Pass-Through Logic to Inferred RAMs                                    ; On                 ; On                 ;
; Infer RAMs from Raw Logic                                                  ; On                 ; On                 ;
; Parallel Synthesis                                                         ; On                 ; On                 ;
; DSP Block Balancing                                                        ; Auto               ; Auto               ;
; NOT Gate Push-Back                                                         ; On                 ; On                 ;
; Power-Up Don't Care                                                        ; On                 ; On                 ;
; Remove Redundant Logic Cells                                               ; Off                ; Off                ;
; Remove Duplicate Registers                                                 ; On                 ; On                 ;
; Ignore CARRY Buffers                                                       ; Off                ; Off                ;
; Ignore CASCADE Buffers                                                     ; Off                ; Off                ;
; Ignore GLOBAL Buffers                                                      ; Off                ; Off                ;
; Ignore ROW GLOBAL Buffers                                                  ; Off                ; Off                ;
; Ignore LCELL Buffers                                                       ; Off                ; Off                ;
; Ignore SOFT Buffers                                                        ; On                 ; On                 ;
; Limit AHDL Integers to 32 Bits                                             ; Off                ; Off                ;
; Optimization Technique                                                     ; Balanced           ; Balanced           ;
; Carry Chain Length                                                         ; 70                 ; 70                 ;
; Auto Carry Chains                                                          ; On                 ; On                 ;
; Auto Open-Drain Pins                                                       ; On                 ; On                 ;
; Perform WYSIWYG Primitive Resynthesis                                      ; Off                ; Off                ;
; Auto ROM Replacement                                                       ; On                 ; On                 ;
; Auto RAM Replacement                                                       ; On                 ; On                 ;
; Auto DSP Block Replacement                                                 ; On                 ; On                 ;
; Auto Shift Register Replacement                                            ; Auto               ; Auto               ;
; Allow Shift Register Merging across Hierarchies                            ; Auto               ; Auto               ;
; Auto Clock Enable Replacement                                              ; On                 ; On                 ;
; Strict RAM Replacement                                                     ; Off                ; Off                ;
; Allow Synchronous Control Signals                                          ; On                 ; On                 ;
; Force Use of Synchronous Clear Signals                                     ; Off                ; Off                ;
; Auto RAM Block Balancing                                                   ; On                 ; On                 ;
; Auto RAM to Logic Cell Conversion                                          ; Off                ; Off                ;
; Auto Resource Sharing                                                      ; Off                ; Off                ;
; Allow Any RAM Size For Recognition                                         ; Off                ; Off                ;
; Allow Any ROM Size For Recognition                                         ; Off                ; Off                ;
; Allow Any Shift Register Size For Recognition                              ; Off                ; Off                ;
; Use LogicLock Constraints during Resource Balancing                        ; On                 ; On                 ;
; Ignore translate_off and synthesis_off directives                          ; Off                ; Off                ;
; Timing-Driven Synthesis                                                    ; On                 ; On                 ;
; Report Parameter Settings                                                  ; On                 ; On                 ;
; Report Source Assignments                                                  ; On                 ; On                 ;
; Report Connectivity Checks                                                 ; On                 ; On                 ;
; Ignore Maximum Fan-Out Assignments                                         ; Off                ; Off                ;
; Synchronization Register Chain Length                                      ; 2                  ; 2                  ;
; PowerPlay Power Optimization                                               ; Normal compilation ; Normal compilation ;
; HDL message level                                                          ; Level2             ; Level2             ;
; Suppress Register Optimization Related Messages                            ; Off                ; Off                ;
; Number of Removed Registers Reported in Synthesis Report                   ; 5000               ; 5000               ;
; Number of Swept Nodes Reported in Synthesis Report                         ; 5000               ; 5000               ;
; Number of Inverted Registers Reported in Synthesis Report                  ; 100                ; 100                ;
; Clock MUX Protection                                                       ; On                 ; On                 ;
; Auto Gated Clock Conversion                                                ; Off                ; Off                ;
; Block Design Naming                                                        ; Auto               ; Auto               ;
; SDC constraint protection                                                  ; Off                ; Off                ;
; Synthesis Effort                                                           ; Auto               ; Auto               ;
; Shift Register Replacement - Allow Asynchronous Clear Signal               ; On                 ; On                 ;
; Pre-Mapping Resynthesis Optimization                                       ; Off                ; Off                ;
; Analysis & Synthesis Message Level                                         ; Medium             ; Medium             ;
; Disable Register Merging Across Hierarchies                                ; Auto               ; Auto               ;
; Resource Aware Inference For Block RAM                                     ; On                 ; On                 ;
; Synthesis Seed                                                             ; 1                  ; 1                  ;
+----------------------------------------------------------------------------+--------------------+--------------------+


+------------------------------------------+
; Parallel Compilation                     ;
+----------------------------+-------------+
; Processors                 ; Number      ;
+----------------------------+-------------+
; Number detected on machine ; 4           ;
; Maximum allowed            ; 2           ;
;                            ;             ;
; Average used               ; 1.00        ;
; Maximum used               ; 1           ;
;                            ;             ;
; Usage by Processor         ; % Time Used ;
;     Processor 1            ; 100.0%      ;
;     Processors 2-4         ;   0.0%      ;
+----------------------------+-------------+


+-------------------------------+
; Analysis & Synthesis Messages ;
+-------------------------------+
Info: *******************************************************************
Info: Running Quartus II 64-Bit Analysis & Synthesis
    Info: Version 13.0.0 Build 156 04/24/2013 SJ Full Version
    Info: Processing started: Thu Jun 28 17:21:23 2018
Info: Command: quartus_map --read_settings_files=on --write_settings_files=off VHDL_lab7 -c aes
Info (11104): Parallel Compilation has detected 4 hyper-threaded processors. However, the extra hyper-threaded processors will not be used by default. Parallel Compilation will use 2 of the 2 physical processors detected instead.
Info (12021): Found 18 design units, including 18 entities, in source file vhdl_lab7.v
    Info (12023): Found entity 1: aes
    Info (12023): Found entity 2: reg_128
    Info (12023): Found entity 3: aescontrol
    Info (12023): Found entity 4: keyexpfsm
    Info (12023): Found entity 5: encryfsm
    Info (12023): Found entity 6: decryfsm
    Info (12023): Found entity 7: keyexp
    Info (12023): Found entity 8: rndkrf
    Info (12023): Found entity 9: sbox_mux
    Info (12023): Found entity 10: rcon
    Info (12023): Found entity 11: crydap
    Info (12023): Found entity 12: sbox
    Info (12023): Found entity 13: mux21_8
    Info (12023): Found entity 14: byte0203
    Info (12023): Found entity 15: byte9bde
    Info (12023): Found entity 16: byte02
    Info (12023): Found entity 17: mux41_8
    Info (12023): Found entity 18: mux21_128
Warning (10227): Verilog HDL Port Declaration warning at VHDL_lab7.v(178): data type declaration for "state" declares packed dimensions but the port declaration declaration does not
Info (10499): HDL info at VHDL_lab7.v(174): see declaration for object "state"
Warning (10227): Verilog HDL Port Declaration warning at VHDL_lab7.v(274): data type declaration for "state" declares packed dimensions but the port declaration declaration does not
Info (10499): HDL info at VHDL_lab7.v(270): see declaration for object "state"
Info (12127): Elaborating entity "aes" for the top level hierarchy
Info (12128): Elaborating entity "reg_128" for hierarchy "reg_128:pckreg"
Info (12128): Elaborating entity "aescontrol" for hierarchy "aescontrol:control"
Info (12128): Elaborating entity "keyexpfsm" for hierarchy "aescontrol:control|keyexpfsm:keyexpfsm"
Info (12128): Elaborating entity "encryfsm" for hierarchy "aescontrol:control|encryfsm:encryfsm"
Info (12128): Elaborating entity "decryfsm" for hierarchy "aescontrol:control|decryfsm:decryfsm"
Info (12128): Elaborating entity "keyexp" for hierarchy "keyexp:keyexp"
Info (12128): Elaborating entity "rndkrf" for hierarchy "keyexp:keyexp|rndkrf:rndkrf"
Info (12128): Elaborating entity "sbox_mux" for hierarchy "keyexp:keyexp|sbox_mux:sbox0"
Info (12128): Elaborating entity "rcon" for hierarchy "keyexp:keyexp|rcon:rcon"
Info (12128): Elaborating entity "crydap" for hierarchy "crydap:crydap"
Error (10028): Can't resolve multiple constant drivers for net "e[127]" at VHDL_lab7.v(930) File: D:/Object/ProjectsOfHDL/VLSI_lab/VHDL_lab7/VHDL_lab7.v Line: 930
Error (10029): Constant driver at VHDL_lab7.v(932) File: D:/Object/ProjectsOfHDL/VLSI_lab/VHDL_lab7/VHDL_lab7.v Line: 932
Error (10028): Can't resolve multiple constant drivers for net "e[126]" at VHDL_lab7.v(930) File: D:/Object/ProjectsOfHDL/VLSI_lab/VHDL_lab7/VHDL_lab7.v Line: 930
Error (10028): Can't resolve multiple constant drivers for net "e[125]" at VHDL_lab7.v(930) File: D:/Object/ProjectsOfHDL/VLSI_lab/VHDL_lab7/VHDL_lab7.v Line: 930
Error (10028): Can't resolve multiple constant drivers for net "e[124]" at VHDL_lab7.v(930) File: D:/Object/ProjectsOfHDL/VLSI_lab/VHDL_lab7/VHDL_lab7.v Line: 930
Error (10028): Can't resolve multiple constant drivers for net "e[123]" at VHDL_lab7.v(930) File: D:/Object/ProjectsOfHDL/VLSI_lab/VHDL_lab7/VHDL_lab7.v Line: 930
Error (10028): Can't resolve multiple constant drivers for net "e[122]" at VHDL_lab7.v(930) File: D:/Object/ProjectsOfHDL/VLSI_lab/VHDL_lab7/VHDL_lab7.v Line: 930
Error (10028): Can't resolve multiple constant drivers for net "e[121]" at VHDL_lab7.v(930) File: D:/Object/ProjectsOfHDL/VLSI_lab/VHDL_lab7/VHDL_lab7.v Line: 930
Error (10028): Can't resolve multiple constant drivers for net "e[120]" at VHDL_lab7.v(930) File: D:/Object/ProjectsOfHDL/VLSI_lab/VHDL_lab7/VHDL_lab7.v Line: 930
Error (10028): Can't resolve multiple constant drivers for net "e[119]" at VHDL_lab7.v(930) File: D:/Object/ProjectsOfHDL/VLSI_lab/VHDL_lab7/VHDL_lab7.v Line: 930
Error (10028): Can't resolve multiple constant drivers for net "e[118]" at VHDL_lab7.v(930) File: D:/Object/ProjectsOfHDL/VLSI_lab/VHDL_lab7/VHDL_lab7.v Line: 930
Error (10028): Can't resolve multiple constant drivers for net "e[117]" at VHDL_lab7.v(930) File: D:/Object/ProjectsOfHDL/VLSI_lab/VHDL_lab7/VHDL_lab7.v Line: 930
Error (10028): Can't resolve multiple constant drivers for net "e[116]" at VHDL_lab7.v(930) File: D:/Object/ProjectsOfHDL/VLSI_lab/VHDL_lab7/VHDL_lab7.v Line: 930
Error (10028): Can't resolve multiple constant drivers for net "e[115]" at VHDL_lab7.v(930) File: D:/Object/ProjectsOfHDL/VLSI_lab/VHDL_lab7/VHDL_lab7.v Line: 930
Error (10028): Can't resolve multiple constant drivers for net "e[114]" at VHDL_lab7.v(930) File: D:/Object/ProjectsOfHDL/VLSI_lab/VHDL_lab7/VHDL_lab7.v Line: 930
Error (10028): Can't resolve multiple constant drivers for net "e[113]" at VHDL_lab7.v(930) File: D:/Object/ProjectsOfHDL/VLSI_lab/VHDL_lab7/VHDL_lab7.v Line: 930
Error (10028): Can't resolve multiple constant drivers for net "e[112]" at VHDL_lab7.v(930) File: D:/Object/ProjectsOfHDL/VLSI_lab/VHDL_lab7/VHDL_lab7.v Line: 930
Error (10028): Can't resolve multiple constant drivers for net "e[111]" at VHDL_lab7.v(930) File: D:/Object/ProjectsOfHDL/VLSI_lab/VHDL_lab7/VHDL_lab7.v Line: 930
Error (10028): Can't resolve multiple constant drivers for net "e[110]" at VHDL_lab7.v(930) File: D:/Object/ProjectsOfHDL/VLSI_lab/VHDL_lab7/VHDL_lab7.v Line: 930
Error (12152): Can't elaborate user hierarchy "crydap:crydap" File: D:/Object/ProjectsOfHDL/VLSI_lab/VHDL_lab7/VHDL_lab7.v Line: 22
Error: Quartus II 64-Bit Analysis & Synthesis was unsuccessful. 20 errors, 2 warnings
    Error: Peak virtual memory: 559 megabytes
    Error: Processing ended: Thu Jun 28 17:21:25 2018
    Error: Elapsed time: 00:00:02
    Error: Total CPU time (on all processors): 00:00:01


